<?xml version="1.0" encoding="UTF-8"?>
<!-- Generated by org.testng.reporters.JUnitReportReporter -->
<testsuite skipped="0" hostname="shailendarreddy" name="branchbanking.SeleniumTest" tests="2" failures="0" timestamp="2020-01-07T01:24:21 EST" time="0.042" errors="0">
  <testcase name="AnushkaShetty" time="0.037" classname="branchbanking.SeleniumTest"/>
  <testcase name="Kajal" time="0.005" classname="branchbanking.SeleniumTest"/>
</testsuite> <!-- branchbanking.SeleniumTest -->
