<?xml version="1.0" encoding="UTF-8"?>
<!-- Generated by org.testng.reporters.JUnitReportReporter -->
<testsuite skipped="0" hostname="shailendarreddy" name="branchbanking.RestApiTest" tests="2" failures="0" timestamp="2020-01-07T01:24:08 EST" time="0.028" errors="0">
  <testcase name="Jenkins" time="0.026" classname="branchbanking.RestApiTest"/>
  <testcase name="Jira" time="0.002" classname="branchbanking.RestApiTest"/>
</testsuite> <!-- branchbanking.RestApiTest -->
