<?xml version="1.0" encoding="UTF-8"?>
<!-- Generated by org.testng.reporters.JUnitReportReporter -->
<testsuite skipped="0" hostname="shailendarreddy" name="branchbanking.RestApiTest" tests="2" failures="0" timestamp="07 Jan 2020 06:55:03 GMT" time="0.000" errors="0">
  <testcase name="Jenkins" time="0.000" classname="branchbanking.RestApiTest"/>
  <testcase name="Jira" time="0.000" classname="branchbanking.RestApiTest"/>
</testsuite> <!-- branchbanking.RestApiTest -->
