<?xml version="1.0" encoding="UTF-8"?>
<!-- Generated by org.testng.reporters.JUnitReportReporter -->
<testsuite skipped="0" hostname="shailendarreddy" name="branchbanking.SeleniumTest" tests="2" failures="0" timestamp="07 Jan 2020 06:55:03 GMT" time="0.016" errors="0">
  <testcase name="Kajal" time="0.000" classname="branchbanking.SeleniumTest"/>
  <testcase name="AnushkaShetty" time="0.016" classname="branchbanking.SeleniumTest"/>
</testsuite> <!-- branchbanking.SeleniumTest -->
